<?xml version="1.0" encoding="UTF-8"?>
<!-- Generated by org.testng.reporters.JUnitReportReporter -->
<testsuite hostname="DESKTOP-QPLGGQG" failures="0" tests="1" name="com.selenium.Selenium5.OpenCart" time="60.364" errors="0" timestamp="2021-08-23T14:14:20 IST" skipped="0">
  <testcase classname="com.selenium.Selenium5.OpenCart" name="setup" time="60.364"/>
  <system-out/>
</testsuite> <!-- com.selenium.Selenium5.OpenCart -->
