<?xml version="1.0" encoding="UTF-8"?>
<!-- Generated by org.testng.reporters.JUnitReportReporter -->
<testsuite hostname="DESKTOP-QPLGGQG" failures="0" tests="1" name="NegativeTests" time="23.194" errors="0" timestamp="2021-08-20T12:03:43 IST" skipped="0">
  <testcase classname="NegativeTests" name="incorrectPassword" time="23.194"/>
  <system-out/>
</testsuite> <!-- NegativeTests -->
