<?xml version="1.0" encoding="UTF-8"?>
<!-- Generated by org.testng.reporters.JUnitReportReporter -->
<testsuite hostname="DESKTOP-QPLGGQG" failures="0" tests="1" name="com.selenium.start.PositiveTests" time="28.421" errors="0" timestamp="2021-08-19T21:13:28 IST" skipped="0">
  <testcase classname="com.selenium.start.PositiveTests" name="loginTest" time="28.421"/>
  <system-out/>
</testsuite> <!-- com.selenium.start.PositiveTests -->
